[debug] [2022-11-14T13:09:23.641Z] ----------------------------------------------------------------------
[debug] [2022-11-14T13:09:23.641Z] Command:       /usr/local/bin/node /usr/local/bin/firebase init
[debug] [2022-11-14T13:09:23.642Z] CLI Version:   11.16.0
[debug] [2022-11-14T13:09:23.642Z] Platform:      darwin
[debug] [2022-11-14T13:09:23.642Z] Node Version:  v18.12.1
[debug] [2022-11-14T13:09:23.645Z] Time:          Mon Nov 14 2022 08:09:23 GMT-0500 (GMT-05:00)
[debug] [2022-11-14T13:09:23.645Z] ----------------------------------------------------------------------
[debug] 
[debug] [2022-11-14T13:09:23.648Z] > command requires scopes: ["email","openid","https://www.googleapis.com/auth/cloudplatformprojects.readonly","https://www.googleapis.com/auth/firebase","https://www.googleapis.com/auth/cloud-platform"]
[debug] [2022-11-14T13:09:23.648Z] > authorizing via signed-in user (renato@buscaprev.com.br)
[info] 
     ######## #### ########  ######## ########     ###     ######  ########
     ##        ##  ##     ## ##       ##     ##  ##   ##  ##       ##
     ######    ##  ########  ######   ########  #########  ######  ######
     ##        ##  ##    ##  ##       ##     ## ##     ##       ## ##
     ##       #### ##     ## ######## ########  ##     ##  ######  ########

You're about to initialize a Firebase project in this directory:

  /Users/renato/projects/klp 2/klp.com.br

[info] 
=== Project Setup
[info] 
[info] First, let's associate this project directory with a Firebase project.
[info] You can create multiple project aliases by running firebase use --add, 
[info] but for now we'll just set up a default project.
[info] 
[debug] [2022-11-14T13:13:56.289Z] > refreshing access token with scopes: []
[debug] [2022-11-14T13:13:56.293Z] >>> [apiv2][query] POST https://www.googleapis.com/oauth2/v3/token [none]
[debug] [2022-11-14T13:13:56.293Z] >>> [apiv2][body] POST https://www.googleapis.com/oauth2/v3/token [omitted]
[debug] [2022-11-14T13:13:56.672Z] <<< [apiv2][status] POST https://www.googleapis.com/oauth2/v3/token 400
[debug] [2022-11-14T13:13:56.673Z] <<< [apiv2][body] POST https://www.googleapis.com/oauth2/v3/token [omitted]
[debug] [2022-11-14T13:13:56.674Z] >>> [apiv2][query] GET https://firebase.googleapis.com/v1beta1/projects pageSize=100
[debug] [2022-11-14T13:13:57.075Z] <<< [apiv2][status] GET https://firebase.googleapis.com/v1beta1/projects 401
[debug] [2022-11-14T13:13:57.076Z] <<< [apiv2][body] GET https://firebase.googleapis.com/v1beta1/projects [omitted]
[debug] [2022-11-14T13:13:57.077Z] HTTP Error: 401, Request had invalid authentication credentials. Expected OAuth 2 access token, login cookie or other valid authentication credential. See https://developers.google.com/identity/sign-in/web/devconsole-project.
[debug] [2022-11-14T13:13:57.247Z] FirebaseError: HTTP Error: 401, Request had invalid authentication credentials. Expected OAuth 2 access token, login cookie or other valid authentication credential. See https://developers.google.com/identity/sign-in/web/devconsole-project.
    at responseToError (/usr/local/lib/node_modules/firebase-tools/lib/responseToError.js:49:12)
    at RetryOperation._fn (/usr/local/lib/node_modules/firebase-tools/lib/apiv2.js:288:77)
    at process.processTicksAndRejections (node:internal/process/task_queues:95:5)
[error] 
[error] Error: Failed to list Firebase projects. See firebase-debug.log for more info.
